<?xml version="1.0" encoding="UTF-8"?>
<!-- Generated by org.testng.reporters.JUnitReportReporter -->
<testsuite hostname="DESKTOP-1I2RTCU" failures="0" tests="2" name="TestClass.AddCustomer_Test" time="15.034" errors="1" timestamp="2020-12-24T16:38:15 IST" skipped="1">
  <testcase classname="TestClass.AddCustomer_Test" name="setup" time="15.034">
    <error message="session not created
from chrome not reachable
  (Session info: chrome=87.0.4280.88)
Build info: version: &#039;3.141.59&#039;, revision: &#039;e82be7d358&#039;, time: &#039;2018-11-14T08:17:03&#039;
System info: host: &#039;DESKTOP-1I2RTCU&#039;, ip: &#039;192.168.43.106&#039;, os.name: &#039;Windows 10&#039;, os.arch: &#039;amd64&#039;, os.version: &#039;10.0&#039;, java.version: &#039;13.0.2&#039;
Driver info: driver.version: ChromeDriver
remote stacktrace: Backtrace:
	Ordinal0 [0x003AC013+3194899]
	Ordinal0 [0x00296021+2056225]
	Ordinal0 [0x0012F4B0+586928]
	Ordinal0 [0x00125894+546964]
	Ordinal0 [0x00125F2C+548652]
	Ordinal0 [0x00127175+553333]
	Ordinal0 [0x0012241E+533534]
	Ordinal0 [0x00130620+591392]
	Ordinal0 [0x000D2A0C+207372]
	Ordinal0 [0x000D1D0D+204045]
	Ordinal0 [0x000CFC1B+195611]
	Ordinal0 [0x000B3B7F+80767]
	Ordinal0 [0x000B4B4E+84814]
	Ordinal0 [0x000B4AD9+84697]
	Ordinal0 [0x002ACE64+2149988]
	GetHandleVerifier [0x0051BE95+1400773]
	GetHandleVerifier [0x0051BB61+1399953]
	GetHandleVerifier [0x005231FA+1430314]
	GetHandleVerifier [0x0051C69F+1402831]
	Ordinal0 [0x002A3D61+2112865]
	Ordinal0 [0x002AE5CB+2155979]
	Ordinal0 [0x002AE6F5+2156277]
	Ordinal0 [0x002BF26E+2224750]
	BaseThreadInitThunk [0x7755FA29+25]
	RtlGetAppContainerNamedObjectPath [0x779A75F4+228]
	RtlGetAppContainerNamedObjectPath [0x779A75C4+180]
	(No symbol) [0x00000000]
" type="org.openqa.selenium.SessionNotCreatedException">
      <![CDATA[org.openqa.selenium.SessionNotCreatedException: session not created
from chrome not reachable
  (Session info: chrome=87.0.4280.88)
Build info: version: '3.141.59', revision: 'e82be7d358', time: '2018-11-14T08:17:03'
System info: host: 'DESKTOP-1I2RTCU', ip: '192.168.43.106', os.name: 'Windows 10', os.arch: 'amd64', os.version: '10.0', java.version: '13.0.2'
Driver info: driver.version: ChromeDriver
remote stacktrace: Backtrace:
Ordinal0 [0x003AC013+3194899]
Ordinal0 [0x00296021+2056225]
Ordinal0 [0x0012F4B0+586928]
Ordinal0 [0x00125894+546964]
Ordinal0 [0x00125F2C+548652]
Ordinal0 [0x00127175+553333]
Ordinal0 [0x0012241E+533534]
Ordinal0 [0x00130620+591392]
Ordinal0 [0x000D2A0C+207372]
Ordinal0 [0x000D1D0D+204045]
Ordinal0 [0x000CFC1B+195611]
Ordinal0 [0x000B3B7F+80767]
Ordinal0 [0x000B4B4E+84814]
Ordinal0 [0x000B4AD9+84697]
Ordinal0 [0x002ACE64+2149988]
GetHandleVerifier [0x0051BE95+1400773]
GetHandleVerifier [0x0051BB61+1399953]
GetHandleVerifier [0x005231FA+1430314]
GetHandleVerifier [0x0051C69F+1402831]
Ordinal0 [0x002A3D61+2112865]
Ordinal0 [0x002AE5CB+2155979]
Ordinal0 [0x002AE6F5+2156277]
Ordinal0 [0x002BF26E+2224750]
BaseThreadInitThunk [0x7755FA29+25]
RtlGetAppContainerNamedObjectPath [0x779A75F4+228]
RtlGetAppContainerNamedObjectPath [0x779A75C4+180]
(No symbol) [0x00000000]

at org.openqa.selenium.remote.W3CHandshakeResponse.lambda$errorHandler$0(W3CHandshakeResponse.java:62)
at org.openqa.selenium.remote.HandshakeResponse.lambda$getResponseFunction$0(HandshakeResponse.java:30)
at org.openqa.selenium.remote.ProtocolHandshake.lambda$createSession$0(ProtocolHandshake.java:126)
at org.openqa.selenium.remote.ProtocolHandshake.createSession(ProtocolHandshake.java:128)
at org.openqa.selenium.remote.ProtocolHandshake.createSession(ProtocolHandshake.java:74)
at org.openqa.selenium.remote.HttpCommandExecutor.execute(HttpCommandExecutor.java:136)
at org.openqa.selenium.remote.service.DriverCommandExecutor.execute(DriverCommandExecutor.java:83)
at org.openqa.selenium.remote.RemoteWebDriver.execute(RemoteWebDriver.java:552)
at org.openqa.selenium.remote.RemoteWebDriver.startSession(RemoteWebDriver.java:213)
at org.openqa.selenium.remote.RemoteWebDriver.<init>(RemoteWebDriver.java:131)
at org.openqa.selenium.chrome.ChromeDriver.<init>(ChromeDriver.java:181)
at org.openqa.selenium.chrome.ChromeDriver.<init>(ChromeDriver.java:168)
at org.openqa.selenium.chrome.ChromeDriver.<init>(ChromeDriver.java:123)
at TestClass.BaseClass.setup(BaseClass.java:36)
]]>
    </error>
  </testcase> <!-- setup -->
  <system-out/>
  <testcase classname="TestClass.AddCustomer_Test" name="Adding" time="0.000">
    <skipped/>
  </testcase> <!-- Adding -->
  <system-out/>
</testsuite> <!-- TestClass.AddCustomer_Test -->
