<?xml version="1.0" encoding="UTF-8"?>
<testng-results ignored="0" total="1" passed="0" failed="1" skipped="0">
  <reporter-output>
  </reporter-output>
  <suite started-at="2020-12-23T10:51:43 IST" name="Default suite" finished-at="2020-12-23T10:51:56 IST" duration-ms="12774">
    <groups>
    </groups>
    <test started-at="2020-12-23T10:51:43 IST" name="Default test" finished-at="2020-12-23T10:51:56 IST" duration-ms="12774">
      <class name="TestClass.LoginPageTest">
        <test-method is-config="true" signature="setup()[pri:0, instance:TestClass.LoginPageTest@5a63f509]" started-at="2020-12-23T10:51:43 IST" name="setup" finished-at="2020-12-23T10:51:55 IST" duration-ms="11912" status="PASS">
          <reporter-output>
          </reporter-output>
        </test-method> <!-- setup -->
        <test-method signature="atTest()[pri:0, instance:TestClass.LoginPageTest@5a63f509]" started-at="2020-12-23T10:51:55 IST" name="atTest" finished-at="2020-12-23T10:51:56 IST" duration-ms="810" status="FAIL">
          <exception class="java.lang.AssertionError">
            <message>
              <![CDATA[expected [true] but found [false]]]>
            </message>
            <full-stacktrace>
              <![CDATA[java.lang.AssertionError: expected [true] but found [false]
at TestClass.LoginPageTest.atTest(LoginPageTest.java:29)
]]>
            </full-stacktrace>
          </exception> <!-- java.lang.AssertionError -->
          <reporter-output>
          </reporter-output>
        </test-method> <!-- atTest -->
      </class> <!-- TestClass.LoginPageTest -->
    </test> <!-- Default test -->
  </suite> <!-- Default suite -->
</testng-results>
